#
# There is insufficient memory for the Java Runtime Environment to continue.
# Native memory allocation (malloc) failed to allocate 1048576 bytes for AllocateHeap
# Possible reasons:
#   The system is out of physical RAM or swap space
#   In 32 bit mode, the process size limit was hit
# Possible solutions:
#   Reduce memory load on the system
#   Increase physical memory or swap space
#   Check if swap backing store is full
#   Use 64 bit Java on a 64 bit OS
#   Decrease Java heap size (-Xmx/-Xms)
#   Decrease number of Java threads
#   Decrease Java thread stack sizes (-Xss)
#   Set larger code cache with -XX:ReservedCodeCacheSize=
# This output file may be truncated or incomplete.
#
#  Out of Memory Error (memory/allocation.inline.hpp:61), pid=4516, tid=4556
#
# JRE version:  (7.0_71-b14) (build )
# Java VM: Java HotSpot(TM) 64-Bit Server VM (24.71-b01 mixed mode windows-amd64 compressed oops)
# Failed to write core dump. Minidumps are not enabled by default on client versions of Windows
#

---------------  T H R E A D  ---------------

Current thread (0x0000000001f98000):  JavaThread "Unknown thread" [_thread_in_vm, id=4556, stack(0x0000000002230000,0x0000000002330000)]

Stack: [0x0000000002230000,0x0000000002330000]
[error occurred during error reporting (printing stack bounds), id 0xc0000005]


---------------  P R O C E S S  ---------------

Java Threads: ( => current thread )

Other Threads:

=>0x0000000001f98000 (exited) JavaThread "Unknown thread" [_thread_in_vm, id=4556, stack(0x0000000002230000,0x0000000002330000)]

VM state:not at safepoint (normal execution)

VM Mutex/Monitor currently owned by a thread: None

Heap
 PSYoungGen      total 18432K, used 317K [0x00000000ebd00000, 0x00000000ed180000, 0x0000000100000000)
  eden space 15872K, 2% used [0x00000000ebd00000,0x00000000ebd4f618,0x00000000ecc80000)
  from space 2560K, 0% used [0x00000000ecf00000,0x00000000ecf00000,0x00000000ed180000)
  to   space 2560K, 0% used [0x00000000ecc80000,0x00000000ecc80000,0x00000000ecf00000)
 ParOldGen       total 40960K, used 0K [0x00000000c3800000, 0x00000000c6000000, 0x00000000ebd00000)
  object space 40960K, 0% used [0x00000000c3800000,0x00000000c3800000,0x00000000c6000000)
 PSPermGen       total 21504K, used 694K [0x00000000be600000, 0x00000000bfb00000, 0x00000000c3800000)
  object space 21504K, 3% used [0x00000000be600000,0x00000000be6ad9f8,0x00000000bfb00000)

Card table byte_map: [0x0000000005330000,0x0000000005540000] byte_map_base: 0x0000000004d3d000

Polling page: 0x0000000000230000

Code Cache  [0x0000000002330000, 0x00000000025a0000, 0x0000000005330000)
 total_blobs=38 nmethods=0 adapters=20 free_code_cache=48889Kb largest_free_block=50062528

Compilation events (0 events):
No events

GC Heap History (0 events):
No events

Deoptimization events (0 events):
No events

Internal exceptions (0 events):
No events

Events (10 events):
Event: 9.335 loading class 0x0000000001fddf70
Event: 9.336 loading class 0x0000000001fddf70 done
Event: 9.336 loading class 0x0000000001fddfc0
Event: 9.337 loading class 0x0000000001fddfc0 done
Event: 9.337 loading class 0x0000000001fde010
Event: 9.338 loading class 0x0000000001fde010 done
Event: 9.340 loading class 0x0000000001fded70
Event: 9.340 loading class 0x0000000001fded70 done
Event: 9.340 loading class 0x0000000001fde990
Event: 9.340 loading class 0x0000000001fde990 done


Dynamic libraries:
0x000000013f890000 - 0x000000013f8c3000 	C:\Program Files\Java\jdk1.7.0_71\bin\java.exe
0x0000000077400000 - 0x00000000775a9000 	C:\windows\SYSTEM32\ntdll.dll
0x00000000771e0000 - 0x00000000772ff000 	C:\windows\system32\kernel32.dll
0x000007fefd4b0000 - 0x000007fefd51c000 	C:\windows\system32\KERNELBASE.dll
0x000007fefd980000 - 0x000007fefda5b000 	C:\windows\system32\ADVAPI32.dll
0x000007feff5d0000 - 0x000007feff66f000 	C:\windows\system32\msvcrt.dll
0x000007feff2b0000 - 0x000007feff2cf000 	C:\windows\SYSTEM32\sechost.dll
0x000007fefe9d0000 - 0x000007fefeafd000 	C:\windows\system32\RPCRT4.dll
0x0000000077300000 - 0x00000000773fa000 	C:\windows\system32\USER32.dll
0x000007fefd900000 - 0x000007fefd967000 	C:\windows\system32\GDI32.dll
0x000007fefd8a0000 - 0x000007fefd8ae000 	C:\windows\system32\LPK.dll
0x000007fefd7d0000 - 0x000007fefd899000 	C:\windows\system32\USP10.dll
0x000007fefc340000 - 0x000007fefc534000 	C:\windows\WinSxS\amd64_microsoft.windows.common-controls_6595b64144ccf1df_6.0.7601.18837_none_fa3b1e3d17594757\COMCTL32.dll
0x000007fefdbc0000 - 0x000007fefdc31000 	C:\windows\system32\SHLWAPI.dll
0x000007feff5a0000 - 0x000007feff5ce000 	C:\windows\system32\IMM32.DLL
0x000007fefeb60000 - 0x000007fefec69000 	C:\windows\system32\MSCTF.dll
0x000007fefd0e0000 - 0x000007fefd120000 	C:\Windows\system32\nvinitx.dll
0x0000000074f20000 - 0x0000000074f36000 	C:\windows\system32\PGPmapih.dll
0x0000000052730000 - 0x0000000052802000 	C:\Program Files\Java\jdk1.7.0_71\jre\bin\msvcr100.dll
0x0000000051f50000 - 0x0000000052723000 	C:\Program Files\Java\jdk1.7.0_71\jre\bin\server\jvm.dll
0x000007fef3aa0000 - 0x000007fef3aa9000 	C:\windows\system32\WSOCK32.dll
0x000007fefd8b0000 - 0x000007fefd8fd000 	C:\windows\system32\WS2_32.dll
0x000007fefd970000 - 0x000007fefd978000 	C:\windows\system32\NSI.dll
0x000007fefa400000 - 0x000007fefa43b000 	C:\windows\system32\WINMM.dll
0x00000000775c0000 - 0x00000000775c7000 	C:\windows\system32\PSAPI.DLL
0x000000005f500000 - 0x000000005f50f000 	C:\Program Files\Java\jdk1.7.0_71\jre\bin\verify.dll
0x0000000059950000 - 0x0000000059978000 	C:\Program Files\Java\jdk1.7.0_71\jre\bin\java.dll
0x0000000059930000 - 0x0000000059945000 	C:\Program Files\Java\jdk1.7.0_71\jre\bin\zip.dll

VM Arguments:
java_command: <unknown>
Launcher Type: SUN_STANDARD

Environment Variables:
JAVA_HOME=C:\Program Files\Java\jdk1.7.0_71
CLASSPATH=C:\inetpub\wwwroot\Client\nearbyny\nearbyny\platforms\android\\gradle\wrapper\gradle-wrapper.jar
PATH=C:\Users\cgarrido\AppData\Local\GitHub\PortableGit_c2ba306e536fdf878271f7fe636a147ff37326ad\cmd;C:\Users\cgarrido\AppData\Local\GitHub\PortableGit_c2ba306e536fdf878271f7fe636a147ff37326ad\bin;C:\Users\cgarrido\AppData\Local\Apps\2.0\25XKVAGT.NR9\0W8K31JY.0Q4\gith..tion_317444273a93ac29_0002.000e_114545a4195e25d4;C:\Users\cgarrido\AppData\Local\GitHub\lfs-amd64_0.5.1;C:\windows\Microsoft.NET\Framework\v4.0.30319;C:\Program Files (x86)\Intel\iCLS Client\;C:\Program Files\Intel\iCLS Client\;C:\windows\system32;C:\windows;C:\windows\System32\Wbem;C:\windows\System32\WindowsPowerShell\v1.0\;C:\Program Files\Intel\Intel(R) Management Engine Components\DAL;C:\Program Files\Intel\Intel(R) Management Engine Components\IPT;C:\Program Files (x86)\Intel\Intel(R) Management Engine Components\DAL;C:\Program Files (x86)\Intel\Intel(R) Management Engine Components\IPT;C:\Program Files (x86)\Intel\OpenCL SDK\2.0\bin\x86;C:\Program Files (x86)\Intel\OpenCL SDK\2.0\bin\x64;C:\Program Files\ThinkPad\Bluetooth Software\;C:\Program Files\ThinkPad\Bluetooth Software\syswow64;C:\Program Files\Google\Google Apps Sync\;C:\Program Files\Google\Google Apps Migration\;C:\Program Files\Lenovo\Fingerprint Manager Pro\;C:\Program Files\Intel\WiFi\bin\;C:\Program Files\Common Files\Intel\WirelessCommon\;C:\Program Files\Java\jdk1.7.0_71\bin;C:\Program Files\apache-maven-3.2.3\bin;C:\Program Files (x86)\Heroku\bin;C:\Program Files (x86)\git\cmd;C:\Program Files\nodejs\;C:\Program Files\Intel\WiFi\bin\;C:\Program Files\Common Files\Intel\WirelessCommon\;C:\Users\cgarrido\AppData\Roaming\npm;C:\Users\cgarrido\AppData\Local\Android\android-sdk\tools;C:\Users\cgarrido\AppData\Local\Android\android-sdk\platform-tools
USERNAME=cgarrido
OS=Windows_NT
PROCESSOR_IDENTIFIER=Intel64 Family 6 Model 42 Stepping 7, GenuineIntel



---------------  S Y S T E M  ---------------

OS: Windows 7 , 64 bit Build 7601 Service Pack 1

CPU:total 4 (2 cores per cpu, 2 threads per core) family 6 model 42 stepping 7, cmov, cx8, fxsr, mmx, sse, sse2, sse3, ssse3, sse4.1, sse4.2, popcnt, avx, aes, ht, tsc, tscinvbit

Memory: 4k page, physical 3963120k(134176k free), swap 7973556k(3880k free)

vm_info: Java HotSpot(TM) 64-Bit Server VM (24.71-b01) for windows-amd64 JRE (1.7.0_71-b14), built on Sep 26 2014 16:16:12 by "java_re" with unknown MS VC++:1600

time: Tue Aug 11 20:00:28 2015
elapsed time: 10 seconds

